2025-06-06 22:25:49,692 - INFO - Created directory: data/raw_charts
2025-06-06 22:25:49,707 - INFO - Created directory: data/processed_charts
2025-06-06 22:25:49,707 - INFO - Created directory: data/perturbations
2025-06-06 22:25:49,707 - INFO - Created directory: data/extractions
2025-06-06 22:25:49,707 - INFO - Created directory: data/validations
2025-06-06 22:25:49,707 - INFO - Created directory: data/regenerated
2025-06-06 22:25:49,707 - INFO - Created directory: data/human_baseline
2025-06-06 22:25:49,707 - INFO - Created directory: results/statistical_analysis
2025-06-06 22:25:49,707 - INFO - Created directory: results/visualizations
2025-06-06 22:25:49,707 - INFO - Created directory: results/tables
2025-06-06 22:25:49,723 - INFO - Created directory: literature
2025-06-06 22:25:49,723 - INFO - Created directory: methodology
2025-06-06 22:25:49,723 - INFO - Created directory: appendices
2025-06-06 22:25:50,963 - INFO - Generated chart: data/raw_charts/chart_000.png
2025-06-06 22:25:51,285 - INFO - Generated chart: data/raw_charts/chart_001.png
2025-06-06 22:25:51,620 - INFO - Generated chart: data/raw_charts/chart_002.png
2025-06-06 22:25:51,965 - INFO - Generated chart: data/raw_charts/chart_003.png
2025-06-06 22:25:52,379 - INFO - Generated chart: data/raw_charts/chart_004.png
2025-06-06 22:25:52,702 - INFO - Generated chart: data/raw_charts/chart_005.png
2025-06-06 22:25:53,016 - INFO - Generated chart: data/raw_charts/chart_006.png
2025-06-06 22:25:53,351 - INFO - Generated chart: data/raw_charts/chart_007.png
2025-06-06 22:25:53,627 - INFO - Generated chart: data/raw_charts/chart_008.png
2025-06-06 22:25:53,951 - INFO - Generated chart: data/raw_charts/chart_009.png
2025-06-06 22:25:54,239 - INFO - Generated chart: data/raw_charts/chart_010.png
2025-06-06 22:25:54,647 - INFO - Generated chart: data/raw_charts/chart_011.png
2025-06-06 22:25:54,923 - INFO - Generated chart: data/raw_charts/chart_012.png
2025-06-06 22:25:55,242 - INFO - Generated chart: data/raw_charts/chart_013.png
2025-06-06 22:25:55,614 - INFO - Generated chart: data/raw_charts/chart_014.png
2025-06-06 22:25:55,950 - INFO - Generated chart: data/raw_charts/chart_015.png
2025-06-06 22:25:56,261 - INFO - Generated chart: data/raw_charts/chart_016.png
2025-06-06 22:25:56,599 - INFO - Generated chart: data/raw_charts/chart_017.png
2025-06-06 22:25:56,951 - INFO - Generated chart: data/raw_charts/chart_018.png
2025-06-06 22:25:57,249 - INFO - Generated chart: data/raw_charts/chart_019.png
2025-06-06 22:25:57,568 - INFO - Generated chart: data/raw_charts/chart_020.png
2025-06-06 22:25:57,923 - INFO - Generated chart: data/raw_charts/chart_021.png
2025-06-06 22:25:58,266 - INFO - Generated chart: data/raw_charts/chart_022.png
2025-06-06 22:25:58,634 - INFO - Generated chart: data/raw_charts/chart_023.png
2025-06-06 22:25:58,973 - INFO - Generated chart: data/raw_charts/chart_024.png
2025-06-06 22:25:59,332 - INFO - Generated chart: data/raw_charts/chart_025.png
2025-06-06 22:25:59,651 - INFO - Generated chart: data/raw_charts/chart_026.png
2025-06-06 22:26:00,039 - INFO - Generated chart: data/raw_charts/chart_027.png
2025-06-06 22:26:00,368 - INFO - Generated chart: data/raw_charts/chart_028.png
2025-06-06 22:26:00,624 - INFO - Generated chart: data/raw_charts/chart_029.png
2025-06-06 22:26:00,872 - INFO - Generated chart: data/raw_charts/chart_030.png
2025-06-06 22:26:01,214 - INFO - Generated chart: data/raw_charts/chart_031.png
2025-06-06 22:26:01,441 - INFO - Generated chart: data/raw_charts/chart_032.png
2025-06-06 22:26:01,816 - INFO - Generated chart: data/raw_charts/chart_033.png
2025-06-06 22:26:02,203 - INFO - Generated chart: data/raw_charts/chart_034.png
2025-06-06 22:26:02,503 - INFO - Generated chart: data/raw_charts/chart_035.png
2025-06-06 22:26:02,788 - INFO - Generated chart: data/raw_charts/chart_036.png
2025-06-06 22:26:03,082 - INFO - Generated chart: data/raw_charts/chart_037.png
2025-06-06 22:26:03,370 - INFO - Generated chart: data/raw_charts/chart_038.png
2025-06-06 22:26:03,724 - INFO - Generated chart: data/raw_charts/chart_039.png
2025-06-06 22:26:04,050 - INFO - Generated chart: data/raw_charts/chart_040.png
2025-06-06 22:26:04,384 - INFO - Generated chart: data/raw_charts/chart_041.png
2025-06-06 22:26:04,656 - INFO - Generated chart: data/raw_charts/chart_042.png
2025-06-06 22:26:04,984 - INFO - Generated chart: data/raw_charts/chart_043.png
2025-06-06 22:26:05,323 - INFO - Generated chart: data/raw_charts/chart_044.png
2025-06-06 22:26:05,665 - INFO - Generated chart: data/raw_charts/chart_045.png
2025-06-06 22:26:05,955 - INFO - Generated chart: data/raw_charts/chart_046.png
2025-06-06 22:26:06,296 - INFO - Generated chart: data/raw_charts/chart_047.png
2025-06-06 22:26:06,617 - INFO - Generated chart: data/raw_charts/chart_048.png
2025-06-06 22:26:06,953 - INFO - Generated chart: data/raw_charts/chart_049.png
2025-06-06 22:26:07,220 - INFO - Generated chart: data/raw_charts/chart_050.png
2025-06-06 22:26:07,550 - INFO - Generated chart: data/raw_charts/chart_051.png
2025-06-06 22:26:07,895 - INFO - Generated chart: data/raw_charts/chart_052.png
2025-06-06 22:26:08,186 - INFO - Generated chart: data/raw_charts/chart_053.png
2025-06-06 22:26:08,444 - INFO - Generated chart: data/raw_charts/chart_054.png
2025-06-06 22:26:08,704 - INFO - Generated chart: data/raw_charts/chart_055.png
2025-06-06 22:26:08,930 - INFO - Generated chart: data/raw_charts/chart_056.png
2025-06-06 22:26:09,188 - INFO - Generated chart: data/raw_charts/chart_057.png
2025-06-06 22:26:09,526 - INFO - Generated chart: data/raw_charts/chart_058.png
2025-06-06 22:26:09,880 - INFO - Generated chart: data/raw_charts/chart_059.png
2025-06-06 22:26:10,215 - INFO - Generated chart: data/raw_charts/chart_060.png
2025-06-06 22:26:10,514 - INFO - Generated chart: data/raw_charts/chart_061.png
2025-06-06 22:26:10,788 - INFO - Generated chart: data/raw_charts/chart_062.png
2025-06-06 22:26:11,187 - INFO - Generated chart: data/raw_charts/chart_063.png
2025-06-06 22:26:11,534 - INFO - Generated chart: data/raw_charts/chart_064.png
2025-06-06 22:26:11,974 - INFO - Generated chart: data/raw_charts/chart_065.png
2025-06-06 22:26:12,254 - INFO - Generated chart: data/raw_charts/chart_066.png
2025-06-06 22:26:12,535 - INFO - Generated chart: data/raw_charts/chart_067.png
2025-06-06 22:26:12,849 - INFO - Generated chart: data/raw_charts/chart_068.png
2025-06-06 22:26:13,179 - INFO - Generated chart: data/raw_charts/chart_069.png
2025-06-06 22:26:13,516 - INFO - Generated chart: data/raw_charts/chart_070.png
2025-06-06 22:26:13,853 - INFO - Generated chart: data/raw_charts/chart_071.png
2025-06-06 22:26:14,184 - INFO - Generated chart: data/raw_charts/chart_072.png
2025-06-06 22:26:14,422 - INFO - Generated chart: data/raw_charts/chart_073.png
2025-06-06 22:26:14,748 - INFO - Generated chart: data/raw_charts/chart_074.png
2025-06-06 22:26:15,052 - INFO - Generated chart: data/raw_charts/chart_075.png
2025-06-06 22:26:15,405 - INFO - Generated chart: data/raw_charts/chart_076.png
2025-06-06 22:26:15,702 - INFO - Generated chart: data/raw_charts/chart_077.png
2025-06-06 22:26:16,047 - INFO - Generated chart: data/raw_charts/chart_078.png
2025-06-06 22:26:16,425 - INFO - Generated chart: data/raw_charts/chart_079.png
2025-06-06 22:26:16,719 - INFO - Generated chart: data/raw_charts/chart_080.png
2025-06-06 22:26:17,067 - INFO - Generated chart: data/raw_charts/chart_081.png
2025-06-06 22:26:17,397 - INFO - Generated chart: data/raw_charts/chart_082.png
2025-06-06 22:26:17,732 - INFO - Generated chart: data/raw_charts/chart_083.png
2025-06-06 22:26:18,008 - INFO - Generated chart: data/raw_charts/chart_084.png
2025-06-06 22:26:18,426 - INFO - Generated chart: data/raw_charts/chart_085.png
2025-06-06 22:26:18,654 - INFO - Generated chart: data/raw_charts/chart_086.png
2025-06-06 22:26:18,919 - INFO - Generated chart: data/raw_charts/chart_087.png
2025-06-06 22:26:19,294 - INFO - Generated chart: data/raw_charts/chart_088.png
2025-06-06 22:26:19,608 - INFO - Generated chart: data/raw_charts/chart_089.png
2025-06-06 22:26:19,853 - INFO - Generated chart: data/raw_charts/chart_090.png
2025-06-06 22:26:20,187 - INFO - Generated chart: data/raw_charts/chart_091.png
2025-06-06 22:26:20,468 - INFO - Generated chart: data/raw_charts/chart_092.png
2025-06-06 22:26:20,752 - INFO - Generated chart: data/raw_charts/chart_093.png
2025-06-06 22:26:21,050 - INFO - Generated chart: data/raw_charts/chart_094.png
2025-06-06 22:26:21,478 - INFO - Generated chart: data/raw_charts/chart_095.png
2025-06-06 22:26:21,849 - INFO - Generated chart: data/raw_charts/chart_096.png
2025-06-06 22:26:22,103 - INFO - Generated chart: data/raw_charts/chart_097.png
2025-06-06 22:26:22,465 - INFO - Generated chart: data/raw_charts/chart_098.png
2025-06-06 22:26:22,806 - INFO - Generated chart: data/raw_charts/chart_099.png
